<?xml version="1.0" encoding="UTF-8"?>
<!-- Generated by org.testng.reporters.JUnitReportReporter -->
<testsuite hostname="userft-PC" name="grid.HRM_Login_DataProvider" tests="2" failures="0" timestamp="11 Nov 2017 06:35:32 GMT" time="22.258" errors="0">
  <testcase name="loginTest" time="13.641" classname="grid.HRM_Login_DataProvider"/>
  <testcase name="loginTest" time="8.617" classname="grid.HRM_Login_DataProvider"/>
</testsuite> <!-- grid.HRM_Login_DataProvider -->
