<?xml version="1.0" encoding="UTF-8"?>
<!-- Generated by org.testng.reporters.JUnitReportReporter -->
<testsuite hostname="userft-PC" name="testng.NewTest" tests="2" failures="0" timestamp="29 Oct 2017 08:07:39 GMT" time="0.019" errors="0">
  <testcase name="f" time="0.001" classname="testng.NewTest"/>
  <testcase name="a" time="0.018" classname="testng.NewTest"/>
</testsuite> <!-- testng.NewTest -->
