<?xml version="1.0" encoding="UTF-8"?>
<!-- Generated by org.testng.reporters.JUnitReportReporter -->
<testsuite hostname="userft-PC" name="sat_4_11.Multpliple_Excel_POI" tests="1" failures="0" timestamp="4 Nov 2017 10:36:28 GMT" time="20.602" errors="0">
  <testcase name="f" time="20.602" classname="sat_4_11.Multpliple_Excel_POI"/>
</testsuite> <!-- sat_4_11.Multpliple_Excel_POI -->
