<?xml version="1.0" encoding="UTF-8"?>
<!-- Generated by org.testng.reporters.JUnitReportReporter -->
<testsuite hostname="userft-PC" name="testng.ExplicitWait_Fluentwait" tests="1" failures="0" timestamp="29 Oct 2017 10:00:26 GMT" time="33.084" errors="0">
  <testcase name="waitTest" time="33.084" classname="testng.ExplicitWait_Fluentwait"/>
</testsuite> <!-- testng.ExplicitWait_Fluentwait -->
