<?xml version="1.0" encoding="UTF-8"?>
<!-- Generated by org.testng.reporters.JUnitReportReporter -->
<testsuite hostname="userft-PC" name="testng.ToolTip1" tests="1" failures="0" timestamp="11 Nov 2017 07:28:45 GMT" time="16.604" errors="0">
  <testcase name="f" time="16.604" classname="testng.ToolTip1"/>
</testsuite> <!-- testng.ToolTip1 -->
