<?xml version="1.0" encoding="UTF-8"?>
<!-- Generated by org.testng.reporters.JUnitReportReporter -->
<testsuite hostname="userft-PC" name="testng.NewTest12" tests="1" failures="0" timestamp="29 Oct 2017 08:01:50 GMT" time="16.157" errors="0">
  <testcase name="smitha" time="16.157" classname="testng.NewTest12"/>
</testsuite> <!-- testng.NewTest12 -->
