<?xml version="1.0" encoding="UTF-8"?>
<!-- Generated by org.testng.reporters.JUnitReportReporter -->
<testsuite hostname="userft-PC" name="log4j1.Log4j_TestExe" tests="1" failures="0" timestamp="11 Nov 2017 10:10:32 GMT" time="15.562" errors="0">
  <testcase name="f" time="15.562" classname="log4j1.Log4j_TestExe"/>
</testsuite> <!-- log4j1.Log4j_TestExe -->
