<?xml version="1.0" encoding="UTF-8"?>
<!-- Generated by org.testng.reporters.JUnitReportReporter -->
<testsuite hostname="userft-PC" name="sat_4_11.Excel_Login_JXL" tests="1" failures="0" timestamp="4 Nov 2017 10:03:37 GMT" time="12.175" errors="0">
  <testcase name="f" time="12.175" classname="sat_4_11.Excel_Login_JXL"/>
</testsuite> <!-- sat_4_11.Excel_Login_JXL -->
