<?xml version="1.0" encoding="UTF-8"?>
<!-- Generated by org.testng.reporters.JUnitReportReporter -->
<testsuite hostname="userft-PC" name="sat_4_11.AutoIT_FileUpload" tests="1" failures="0" timestamp="4 Nov 2017 06:55:19 GMT" time="17.886" errors="0">
  <testcase name="f" time="17.886" classname="sat_4_11.AutoIT_FileUpload"/>
</testsuite> <!-- sat_4_11.AutoIT_FileUpload -->
