<?xml version="1.0" encoding="UTF-8"?>
<!-- Generated by org.testng.reporters.JUnitReportReporter -->
<testsuite hostname="userft-PC" name="sat_4_11.AutoIt_SaveFile" tests="1" failures="0" timestamp="4 Nov 2017 07:07:18 GMT" time="15.000" errors="0">
  <testcase name="f" time="15.000" classname="sat_4_11.AutoIt_SaveFile"/>
</testsuite> <!-- sat_4_11.AutoIt_SaveFile -->
