<?xml version="1.0" encoding="UTF-8"?>
<!-- Generated by org.testng.reporters.JUnitReportReporter -->
<testsuite hostname="userft-PC" name="grid.Grdi_Single_BR" tests="1" failures="0" timestamp="11 Nov 2017 06:34:42 GMT" time="8.931" errors="0">
  <testcase name="f" time="8.931" classname="grid.Grdi_Single_BR"/>
</testsuite> <!-- grid.Grdi_Single_BR -->
