<?xml version="1.0" encoding="UTF-8"?>
<!-- Generated by org.testng.reporters.JUnitReportReporter -->
<testsuite hostname="userft-PC" name="sat_4_11.Robot_SaveFile" tests="1" failures="0" timestamp="4 Nov 2017 08:01:32 GMT" time="15.132" errors="0">
  <testcase name="f" time="15.132" classname="sat_4_11.Robot_SaveFile"/>
</testsuite> <!-- sat_4_11.Robot_SaveFile -->
