<?xml version="1.0" encoding="UTF-8"?>
<!-- Generated by org.testng.reporters.JUnitReportReporter -->
<testsuite hostname="userft-PC" name="sat_4_11.Properties_Login" tests="1" failures="0" timestamp="4 Nov 2017 11:06:31 GMT" time="25.483" errors="0">
  <testcase name="f" time="25.483" classname="sat_4_11.Properties_Login"/>
</testsuite> <!-- sat_4_11.Properties_Login -->
